This file contains any messages produced by compilers while
running configure, to aid debugging if configure makes a mistake.

It was created by rgdal configure 1.6-7, which was
generated by GNU Autoconf 2.71.  Invocation command line was

  $ ./configure

## --------- ##
## Platform. ##
## --------- ##

hostname = gdalserver
uname -m = x86_64
uname -r = 5.4.0-163-generic
uname -s = Linux
uname -v = #180-Ubuntu SMP Tue Sep 5 13:21:23 UTC 2023

/usr/bin/uname -p = x86_64
/bin/uname -X     = unknown

/bin/arch              = x86_64
/usr/bin/arch -k       = unknown
/usr/convex/getsysinfo = unknown
/usr/bin/hostinfo      = unknown
/bin/machine           = unknown
/usr/bin/oslevel       = unknown
/bin/universe          = unknown

PATH: /usr/bin/
PATH: /usr/bin/
PATH: /usr/local/sbin/
PATH: /usr/local/bin/
PATH: /usr/sbin/
PATH: /usr/bin/
PATH: /sbin/
PATH: /bin/
PATH: /usr/lib/rstudio-server/bin/quarto/bin/
PATH: /usr/lib/rstudio-server/bin/postback/
PATH: /usr/lib/rstudio-server/bin/postback/


## ----------- ##
## Core tests. ##
## ----------- ##

configure:2163: R_HOME: /usr/lib/R
configure:2177: CC: gcc
configure:2179: CXX: g++ -std=gnu++17
configure:2181: CFLAGS: -g -O2 -fdebug-prefix-map=/build/r-base-aeZVAy/r-base-4.3.1=. -fstack-protector-strong -Wformat -Werror=format-security -Wdate-time -D_FORTIFY_SOURCE=2
configure:2183: CPPFLAGS: 
configure:2185: CXXFLAGS: -g -O2 -fdebug-prefix-map=/build/r-base-aeZVAy/r-base-4.3.1=. -fstack-protector-strong -Wformat -Werror=format-security -Wdate-time -D_FORTIFY_SOURCE=2
configure:2187: LDFLAGS: -Wl,-Bsymbolic-functions -Wl,-z,relro
configure:2206: LDFLAGS: -Wl,-Bsymbolic-functions -Wl,-z,relro
configure:2226: CXX17 is: g++, CXX17STD is: -std=gnu++17
configure:2231: CXX is: g++ -std=gnu++17
configure:2245: C++17 support available
configure:2253: rgdal: 1.6-7
configure:2256: checking for /usr/bin/svnversion
configure:2270: result: no
configure:2286: svn revision: 
configure:2313: checking for gdal-config
configure:2336: found /usr/bin/gdal-config
configure:2349: result: /usr/bin/gdal-config
configure:2386: checking gdal-config usability
configure:2396: result: yes
configure:2418: GDAL: 3.8.0dev
configure:2439: checking GDAL version != 3.6.0
configure:2446: result: yes
configure:2452: checking GDAL version >= 1.11.4
configure:2455: result: yes
configure:2470: checking GDAL version <= 2.5 or >= 3.0
configure:2473: result: yes
configure:2520: checking GDAL: linking with --libs only
configure:2528: result: yes
configure:2560: checking GDAL: gdal-config data directory readable
configure:2563: result: yes
configure:2600: checking GDAL: /usr/share/gdal/stateplane.csv readable
configure:2603: result: yes
configure:2620: pkg-config proj exists, will use it
configure:2635: PROJ version: 9.1.1
configure:2687: PROJ CPP flags: -DPROJ_H_API -I/usr/local/include -I/usr/include/x86_64-linux-gnu 
configure:2719: PROJ LIBS: -L/usr/local/lib -lproj 
configure:2731: checking PROJ header API:
configure:2762: result: yes
configure:2955: checking for C++ compiler version
configure:2964: g++ -std=gnu++17 --version >&5
g++ (Ubuntu 9.4.0-1ubuntu1~20.04.2) 9.4.0
Copyright (C) 2019 Free Software Foundation, Inc.
This is free software; see the source for copying conditions.  There is NO
warranty; not even for MERCHANTABILITY or FITNESS FOR A PARTICULAR PURPOSE.

configure:2975: $? = 0
configure:2964: g++ -std=gnu++17 -v >&5
Using built-in specs.
COLLECT_GCC=g++
COLLECT_LTO_WRAPPER=/usr/lib/gcc/x86_64-linux-gnu/9/lto-wrapper
OFFLOAD_TARGET_NAMES=nvptx-none:hsa
OFFLOAD_TARGET_DEFAULT=1
Target: x86_64-linux-gnu
Configured with: ../src/configure -v --with-pkgversion='Ubuntu 9.4.0-1ubuntu1~20.04.2' --with-bugurl=file:///usr/share/doc/gcc-9/README.Bugs --enable-languages=c,ada,c++,go,brig,d,fortran,objc,obj-c++,gm2 --prefix=/usr --with-gcc-major-version-only --program-suffix=-9 --program-prefix=x86_64-linux-gnu- --enable-shared --enable-linker-build-id --libexecdir=/usr/lib --without-included-gettext --enable-threads=posix --libdir=/usr/lib --enable-nls --enable-clocale=gnu --enable-libstdcxx-debug --enable-libstdcxx-time=yes --with-default-libstdcxx-abi=new --enable-gnu-unique-object --disable-vtable-verify --enable-plugin --enable-default-pie --with-system-zlib --with-target-system-zlib=auto --enable-objc-gc=auto --enable-multiarch --disable-werror --with-arch-32=i686 --with-abi=m64 --with-multilib-list=m32,m64,mx32 --enable-multilib --with-tune=generic --enable-offload-targets=nvptx-none=/build/gcc-9-9QDOt0/gcc-9-9.4.0/debian/tmp-nvptx/usr,hsa --without-cuda-driver --enable-checking=release --build=x86_64-linux-gnu --host=x86_64-linux-gnu --target=x86_64-linux-gnu
Thread model: posix
gcc version 9.4.0 (Ubuntu 9.4.0-1ubuntu1~20.04.2) 
configure:2975: $? = 0
configure:2964: g++ -std=gnu++17 -V >&5
g++: error: unrecognized command line option '-V'
g++: fatal error: no input files
compilation terminated.
configure:2975: $? = 1
configure:2964: g++ -std=gnu++17 -qversion >&5
g++: error: unrecognized command line option '-qversion'; did you mean '--version'?
g++: fatal error: no input files
compilation terminated.
configure:2975: $? = 1
configure:2995: checking whether the C++ compiler works
configure:3017: g++ -std=gnu++17 -g -O2 -fdebug-prefix-map=/build/r-base-aeZVAy/r-base-4.3.1=. -fstack-protector-strong -Wformat -Werror=format-security -Wdate-time -D_FORTIFY_SOURCE=2  -DPROJ_H_API -I/usr/local/include -I/usr/include/x86_64-linux-gnu  -Wl,-Bsymbolic-functions -Wl,-z,relro conftest.cpp -L/usr/local/lib -lproj    -L/usr/lib/x86_64-linux-gnu -lgdal >&5
configure:3021: $? = 0
configure:3071: result: yes
configure:3074: checking for C++ compiler default output file name
configure:3076: result: a.out
configure:3082: checking for suffix of executables
configure:3089: g++ -std=gnu++17 -o conftest -g -O2 -fdebug-prefix-map=/build/r-base-aeZVAy/r-base-4.3.1=. -fstack-protector-strong -Wformat -Werror=format-security -Wdate-time -D_FORTIFY_SOURCE=2  -DPROJ_H_API -I/usr/local/include -I/usr/include/x86_64-linux-gnu  -Wl,-Bsymbolic-functions -Wl,-z,relro conftest.cpp -L/usr/local/lib -lproj    -L/usr/lib/x86_64-linux-gnu -lgdal >&5
configure:3093: $? = 0
configure:3116: result: 
configure:3138: checking whether we are cross compiling
configure:3146: g++ -std=gnu++17 -o conftest -g -O2 -fdebug-prefix-map=/build/r-base-aeZVAy/r-base-4.3.1=. -fstack-protector-strong -Wformat -Werror=format-security -Wdate-time -D_FORTIFY_SOURCE=2  -DPROJ_H_API -I/usr/local/include -I/usr/include/x86_64-linux-gnu  -Wl,-Bsymbolic-functions -Wl,-z,relro conftest.cpp -L/usr/local/lib -lproj    -L/usr/lib/x86_64-linux-gnu -lgdal >&5
configure:3150: $? = 0
configure:3157: ./conftest
configure:3161: $? = 0
configure:3176: result: no
configure:3181: checking for suffix of object files
configure:3204: g++ -std=gnu++17 -c -g -O2 -fdebug-prefix-map=/build/r-base-aeZVAy/r-base-4.3.1=. -fstack-protector-strong -Wformat -Werror=format-security -Wdate-time -D_FORTIFY_SOURCE=2  -DPROJ_H_API -I/usr/local/include -I/usr/include/x86_64-linux-gnu  conftest.cpp >&5
configure:3208: $? = 0
configure:3230: result: o
configure:3234: checking whether the compiler supports GNU C++
configure:3254: g++ -std=gnu++17 -c -g -O2 -fdebug-prefix-map=/build/r-base-aeZVAy/r-base-4.3.1=. -fstack-protector-strong -Wformat -Werror=format-security -Wdate-time -D_FORTIFY_SOURCE=2  -DPROJ_H_API -I/usr/local/include -I/usr/include/x86_64-linux-gnu  conftest.cpp >&5
configure:3254: $? = 0
configure:3264: result: yes
configure:3275: checking whether g++ -std=gnu++17 accepts -g
configure:3296: g++ -std=gnu++17 -c -g  -DPROJ_H_API -I/usr/local/include -I/usr/include/x86_64-linux-gnu  conftest.cpp >&5
configure:3296: $? = 0
configure:3340: result: yes
configure:3360: checking for g++ -std=gnu++17 option to enable C++11 features
configure:3375: g++ -std=gnu++17  -c -g -O2 -fdebug-prefix-map=/build/r-base-aeZVAy/r-base-4.3.1=. -fstack-protector-strong -Wformat -Werror=format-security -Wdate-time -D_FORTIFY_SOURCE=2  -DPROJ_H_API -I/usr/local/include -I/usr/include/x86_64-linux-gnu  conftest.cpp >&5
configure:3375: $? = 0
configure:3393: result: none needed
configure:3462: checking for stdio.h
configure:3462: g++ -std=gnu++17 -c -g -O2 -fdebug-prefix-map=/build/r-base-aeZVAy/r-base-4.3.1=. -fstack-protector-strong -Wformat -Werror=format-security -Wdate-time -D_FORTIFY_SOURCE=2  -DPROJ_H_API -I/usr/local/include -I/usr/include/x86_64-linux-gnu  conftest.cpp >&5
configure:3462: $? = 0
configure:3462: result: yes
configure:3462: checking for stdlib.h
configure:3462: g++ -std=gnu++17 -c -g -O2 -fdebug-prefix-map=/build/r-base-aeZVAy/r-base-4.3.1=. -fstack-protector-strong -Wformat -Werror=format-security -Wdate-time -D_FORTIFY_SOURCE=2  -DPROJ_H_API -I/usr/local/include -I/usr/include/x86_64-linux-gnu  conftest.cpp >&5
configure:3462: $? = 0
configure:3462: result: yes
configure:3462: checking for string.h
configure:3462: g++ -std=gnu++17 -c -g -O2 -fdebug-prefix-map=/build/r-base-aeZVAy/r-base-4.3.1=. -fstack-protector-strong -Wformat -Werror=format-security -Wdate-time -D_FORTIFY_SOURCE=2  -DPROJ_H_API -I/usr/local/include -I/usr/include/x86_64-linux-gnu  conftest.cpp >&5
configure:3462: $? = 0
configure:3462: result: yes
configure:3462: checking for inttypes.h
configure:3462: g++ -std=gnu++17 -c -g -O2 -fdebug-prefix-map=/build/r-base-aeZVAy/r-base-4.3.1=. -fstack-protector-strong -Wformat -Werror=format-security -Wdate-time -D_FORTIFY_SOURCE=2  -DPROJ_H_API -I/usr/local/include -I/usr/include/x86_64-linux-gnu  conftest.cpp >&5
configure:3462: $? = 0
configure:3462: result: yes
configure:3462: checking for stdint.h
configure:3462: g++ -std=gnu++17 -c -g -O2 -fdebug-prefix-map=/build/r-base-aeZVAy/r-base-4.3.1=. -fstack-protector-strong -Wformat -Werror=format-security -Wdate-time -D_FORTIFY_SOURCE=2  -DPROJ_H_API -I/usr/local/include -I/usr/include/x86_64-linux-gnu  conftest.cpp >&5
configure:3462: $? = 0
configure:3462: result: yes
configure:3462: checking for strings.h
configure:3462: g++ -std=gnu++17 -c -g -O2 -fdebug-prefix-map=/build/r-base-aeZVAy/r-base-4.3.1=. -fstack-protector-strong -Wformat -Werror=format-security -Wdate-time -D_FORTIFY_SOURCE=2  -DPROJ_H_API -I/usr/local/include -I/usr/include/x86_64-linux-gnu  conftest.cpp >&5
configure:3462: $? = 0
configure:3462: result: yes
configure:3462: checking for sys/stat.h
configure:3462: g++ -std=gnu++17 -c -g -O2 -fdebug-prefix-map=/build/r-base-aeZVAy/r-base-4.3.1=. -fstack-protector-strong -Wformat -Werror=format-security -Wdate-time -D_FORTIFY_SOURCE=2  -DPROJ_H_API -I/usr/local/include -I/usr/include/x86_64-linux-gnu  conftest.cpp >&5
configure:3462: $? = 0
configure:3462: result: yes
configure:3462: checking for sys/types.h
configure:3462: g++ -std=gnu++17 -c -g -O2 -fdebug-prefix-map=/build/r-base-aeZVAy/r-base-4.3.1=. -fstack-protector-strong -Wformat -Werror=format-security -Wdate-time -D_FORTIFY_SOURCE=2  -DPROJ_H_API -I/usr/local/include -I/usr/include/x86_64-linux-gnu  conftest.cpp >&5
configure:3462: $? = 0
configure:3462: result: yes
configure:3462: checking for unistd.h
configure:3462: g++ -std=gnu++17 -c -g -O2 -fdebug-prefix-map=/build/r-base-aeZVAy/r-base-4.3.1=. -fstack-protector-strong -Wformat -Werror=format-security -Wdate-time -D_FORTIFY_SOURCE=2  -DPROJ_H_API -I/usr/local/include -I/usr/include/x86_64-linux-gnu  conftest.cpp >&5
configure:3462: $? = 0
configure:3462: result: yes
configure:3487: checking for proj.h
configure:3487: g++ -std=gnu++17 -c -g -O2 -fdebug-prefix-map=/build/r-base-aeZVAy/r-base-4.3.1=. -fstack-protector-strong -Wformat -Werror=format-security -Wdate-time -D_FORTIFY_SOURCE=2  -DPROJ_H_API -I/usr/local/include -I/usr/include/x86_64-linux-gnu  conftest.cpp >&5
configure:3487: $? = 0
configure:3487: result: yes
configure:3499: checking for proj_context_create in -lproj
configure:3521: g++ -std=gnu++17 -o conftest -g -O2 -fdebug-prefix-map=/build/r-base-aeZVAy/r-base-4.3.1=. -fstack-protector-strong -Wformat -Werror=format-security -Wdate-time -D_FORTIFY_SOURCE=2  -DPROJ_H_API -I/usr/local/include -I/usr/include/x86_64-linux-gnu  -Wl,-Bsymbolic-functions -Wl,-z,relro conftest.cpp -lproj  -L/usr/local/lib -lproj    -L/usr/lib/x86_64-linux-gnu -lgdal >&5
configure:3521: $? = 0
configure:3531: result: yes
configure:3209: checking Using GDAL < 3 with PROJ >= 6
configure:3223: result: no
configure:3234: checking PROJ version >= 4.8.0
configure:3241: result: yes
configure:3400: checking PROJ: proj.db found and readable
configure:3407: result: yes
configure:3582: Package CPP flags:  -I/usr/include -I/usr/local/include -I/usr/include/x86_64-linux-gnu -DPROJ_H_API
configure:3584: Package LIBS:  -L/usr/lib/x86_64-linux-gnu -lgdal -L/usr/local/lib -lproj
configure:3731: creating ./config.status

## ---------------------- ##
## Running config.status. ##
## ---------------------- ##

This file was extended by rgdal config.status 1.6-7, which was
generated by GNU Autoconf 2.71.  Invocation command line was

  CONFIG_FILES    = 
  CONFIG_HEADERS  = 
  CONFIG_LINKS    = 
  CONFIG_COMMANDS = 
  $ ./config.status 

on gdalserver

config.status:715: creating src/Makevars

## ---------------- ##
## Cache variables. ##
## ---------------- ##

ac_cv_cxx_compiler_gnu=yes
ac_cv_env_CCC_set=
ac_cv_env_CCC_value=
ac_cv_env_CPPFLAGS_set=
ac_cv_env_CPPFLAGS_value=
ac_cv_env_CXXFLAGS_set=set
ac_cv_env_CXXFLAGS_value='-g -O2 -fdebug-prefix-map=/build/r-base-aeZVAy/r-base-4.3.1=. -fstack-protector-strong -Wformat -Werror=format-security -Wdate-time -D_FORTIFY_SOURCE=2'
ac_cv_env_CXX_set=set
ac_cv_env_CXX_value='g++ -std=gnu++17'
ac_cv_env_LDFLAGS_set=set
ac_cv_env_LDFLAGS_value='-Wl,-Bsymbolic-functions -Wl,-z,relro'
ac_cv_env_LIBS_set=
ac_cv_env_LIBS_value=
ac_cv_env_build_alias_set=
ac_cv_env_build_alias_value=
ac_cv_env_host_alias_set=
ac_cv_env_host_alias_value=
ac_cv_env_target_alias_set=
ac_cv_env_target_alias_value=
ac_cv_file__usr_bin_svnversion=no
ac_cv_header_inttypes_h=yes
ac_cv_header_proj_h=yes
ac_cv_header_stdint_h=yes
ac_cv_header_stdio_h=yes
ac_cv_header_stdlib_h=yes
ac_cv_header_string_h=yes
ac_cv_header_strings_h=yes
ac_cv_header_sys_stat_h=yes
ac_cv_header_sys_types_h=yes
ac_cv_header_unistd_h=yes
ac_cv_lib_proj_proj_context_create=yes
ac_cv_objext=o
ac_cv_path_GDAL_CONFIG=/usr/bin/gdal-config
ac_cv_prog_cxx_cxx11=
ac_cv_prog_cxx_g=yes
ac_cv_prog_cxx_stdcxx=

## ----------------- ##
## Output variables. ##
## ----------------- ##

CPPFLAGS=' -DPROJ_H_API -I/usr/local/include -I/usr/include/x86_64-linux-gnu '
CXX='g++ -std=gnu++17'
CXXFLAGS='-g -O2 -fdebug-prefix-map=/build/r-base-aeZVAy/r-base-4.3.1=. -fstack-protector-strong -Wformat -Werror=format-security -Wdate-time -D_FORTIFY_SOURCE=2'
DEFS='-DPACKAGE_NAME=\"rgdal\" -DPACKAGE_TARNAME=\"rgdal\" -DPACKAGE_VERSION=\"1.6-7\" -DPACKAGE_STRING=\"rgdal\ 1.6-7\" -DPACKAGE_BUGREPORT=\"Roger.Bivand@nhh.no\" -DPACKAGE_URL=\"\" -DHAVE_STDIO_H=1 -DHAVE_STDLIB_H=1 -DHAVE_STRING_H=1 -DHAVE_INTTYPES_H=1 -DHAVE_STDINT_H=1 -DHAVE_STRINGS_H=1 -DHAVE_SYS_STAT_H=1 -DHAVE_SYS_TYPES_H=1 -DHAVE_UNISTD_H=1 -DSTDC_HEADERS=1 -DHAVE_LIBPROJ=1'
ECHO_C=''
ECHO_N='-n'
ECHO_T=''
EXEEXT=''
GDAL_CONFIG='/usr/bin/gdal-config'
GDAL_DATADIR='/usr/share/gdal'
LDFLAGS='-Wl,-Bsymbolic-functions -Wl,-z,relro'
LIBOBJS=''
LIBS='-lproj -L/usr/local/lib -lproj    -L/usr/lib/x86_64-linux-gnu -lgdal'
LTLIBOBJS=''
OBJEXT='o'
PACKAGE_BUGREPORT='Roger.Bivand@nhh.no'
PACKAGE_NAME='rgdal'
PACKAGE_STRING='rgdal 1.6-7'
PACKAGE_TARNAME='rgdal'
PACKAGE_URL=''
PACKAGE_VERSION='1.6-7'
PATH_SEPARATOR=':'
PKG_CPPFLAGS=' -I/usr/include -I/usr/local/include -I/usr/include/x86_64-linux-gnu -DPROJ_H_API'
PKG_LIBS=' -L/usr/lib/x86_64-linux-gnu -lgdal -L/usr/local/lib -lproj'
SHELL='/bin/bash'
ac_ct_CXX=''
bindir='${exec_prefix}/bin'
build_alias=''
datadir='${datarootdir}'
datarootdir='${prefix}/share'
docdir='${datarootdir}/doc/${PACKAGE_TARNAME}'
dvidir='${docdir}'
exec_prefix='${prefix}'
host_alias=''
htmldir='${docdir}'
includedir='${prefix}/include'
infodir='${datarootdir}/info'
libdir='${exec_prefix}/lib'
libexecdir='${exec_prefix}/libexec'
localedir='${datarootdir}/locale'
localstatedir='${prefix}/var'
mandir='${datarootdir}/man'
oldincludedir='/usr/include'
pdfdir='${docdir}'
prefix='/usr/local'
program_transform_name='s,x,x,'
psdir='${docdir}'
runstatedir='${localstatedir}/run'
sbindir='${exec_prefix}/sbin'
sharedstatedir='${prefix}/com'
sysconfdir='${prefix}/etc'
target_alias=''

## ----------- ##
## confdefs.h. ##
## ----------- ##

/* confdefs.h */
#define PACKAGE_NAME "rgdal"
#define PACKAGE_TARNAME "rgdal"
#define PACKAGE_VERSION "1.6-7"
#define PACKAGE_STRING "rgdal 1.6-7"
#define PACKAGE_BUGREPORT "Roger.Bivand@nhh.no"
#define PACKAGE_URL ""
#define HAVE_STDIO_H 1
#define HAVE_STDLIB_H 1
#define HAVE_STRING_H 1
#define HAVE_INTTYPES_H 1
#define HAVE_STDINT_H 1
#define HAVE_STRINGS_H 1
#define HAVE_SYS_STAT_H 1
#define HAVE_SYS_TYPES_H 1
#define HAVE_UNISTD_H 1
#define STDC_HEADERS 1
#define HAVE_LIBPROJ 1

configure: exit 0
